<?xml version="1.0" encoding="UTF-8"?>
<!-- Generated by org.testng.reporters.JUnitReportReporter -->
<testsuite name="ReusableMethods.DriverScriptsTest" tests="1" time="130.300" ignored="0" failures="0" timestamp="17 Oct 2018 20:23:01 GMT" skipped="0" hostname="DESKTOP-4R5N664" errors="0">
  <testcase name="method" time="130.300" classname="ReusableMethods.DriverScriptsTest"/>
</testsuite> <!-- ReusableMethods.DriverScriptsTest -->
