<?xml version="1.0" encoding="UTF-8"?>
<!-- Generated by org.testng.reporters.JUnitReportReporter -->
<testsuite name="ReusableMethods.DriverScriptsTest" tests="1" time="63.874" ignored="0" failures="0" timestamp="19 Oct 2018 06:10:57 GMT" skipped="0" hostname="DESKTOP-4R5N664" errors="0">
  <testcase name="method" time="63.874" classname="ReusableMethods.DriverScriptsTest"/>
</testsuite> <!-- ReusableMethods.DriverScriptsTest -->
